

times in msec
 clock   self+sourced   self:  sourced script
 clock   elapsed:              other lines

000.017  000.017: --- NVIM STARTING ---
000.171  000.154: event init
000.285  000.113: early init
000.344  000.059: locale set
000.410  000.066: init first window
000.881  000.471: inits 1
000.899  000.018: window checked
000.903  000.004: parsing arguments
001.817  000.103  000.103: require('vim.shared')
002.059  000.090  000.090: require('vim._meta')
002.063  000.239  000.150: require('vim._editor')
002.066  000.452  000.109: require('vim._init_packages')
002.069  000.714: init lua interpreter
002.146  000.077: expanding arguments
002.205  000.059: inits 2
002.799  000.594: init highlight
002.801  000.002: waiting for UI
003.061  000.260: done waiting for UI
003.067  000.007: clear screen
003.134  000.067: init default mappings & autocommands
003.156  000.022: --cmd commands
003.657  000.065  000.065: sourcing /usr/share/nvim/runtime/ftplugin.vim
6668.680  000.149  000.149: sourcing /etc/xdg/nvim/sysinit.vim
6669.423  000.585  000.585: sourcing /home/thepanable/.config/nvim/init.lua
6669.435  6665.479: sourcing vimrc file(s)
7334.082  664.647: loading rtp plugins
7334.759  000.677: loading packages
7335.030  000.271: loading after plugins
7335.068  000.038: inits 3
7341.436  006.368: reading ShaDa
7341.708  000.272: opening buffers
7341.713  000.005: BufEnter autocommands
7341.719  000.006: editing files in windows
7341.728  000.010: VimEnter autocommands
7341.734  000.006: UIEnter autocommands
7341.738  000.003: before starting main loop
7342.409  000.672: first screen update
7342.413  000.004: --- NVIM STARTED ---


times in msec
 clock   self+sourced   self:  sourced script
 clock   elapsed:              other lines

000.016  000.016: --- NVIM STARTING ---
000.291  000.275: event init
000.488  000.197: early init
000.584  000.096: locale set
000.668  000.084: init first window
001.353  000.684: inits 1
001.368  000.016: window checked
001.373  000.005: parsing arguments
002.483  000.068  000.068: require('vim.shared')
002.688  000.088  000.088: require('vim._meta')
002.692  000.203  000.115: require('vim._editor')
002.695  000.453  000.182: require('vim._init_packages')
002.698  000.873: init lua interpreter
003.814  001.115: expanding arguments
003.904  000.090: inits 2
004.520  000.617: init highlight


times in msec
 clock   self+sourced   self:  sourced script
 clock   elapsed:              other lines

000.010  000.010: --- NVIM STARTING ---
000.199  000.189: event init
000.330  000.131: early init
000.393  000.063: locale set
000.461  000.068: init first window
000.919  000.458: inits 1
000.939  000.020: window checked
000.943  000.004: parsing arguments
001.889  000.085  000.085: require('vim.shared')
002.143  000.089  000.089: require('vim._meta')
002.147  000.251  000.162: require('vim._editor')
002.150  000.451  000.114: require('vim._init_packages')
002.153  000.759: init lua interpreter
002.231  000.078: expanding arguments
002.299  000.067: inits 2
002.889  000.591: init highlight
002.891  000.002: waiting for UI
003.076  000.185: done waiting for UI
003.094  000.018: clear screen
003.389  000.295: init default mappings & autocommands
003.488  000.099: --cmd commands
